[2021-09-29 13:22:47,316: INFO: and]    x1  x2  y
0   0   0  0
1   0   1  0
2   1   0  0
3   1   1  1
[2021-09-29 13:22:47,331: INFO: all_utils] preparing the data by segregating dependent and independent variables
[2021-09-29 13:22:47,334: INFO: model] initial weights before training: 
[-6.87935150e-05 -3.68715881e-05 -1.05934485e-04]
[2021-09-29 13:22:47,335: INFO: model] X with bias: 
[[ 0.  0. -1.]
 [ 0.  1. -1.]
 [ 1.  0. -1.]
 [ 1.  1. -1.]]
[2021-09-29 13:22:47,335: INFO: model] --------------------
[2021-09-29 13:22:47,335: INFO: model] for epoch: 0
[2021-09-29 13:22:47,335: INFO: model] --------------------
[2021-09-29 13:22:47,341: INFO: model] predicted value after forward pass: 
[1 1 1 1]
[2021-09-29 13:22:47,342: INFO: model] error: 
0   -1
1   -1
2   -1
3    0
Name: y, dtype: int64
[2021-09-29 13:22:47,342: INFO: model] updated weights after epoch:
0/10 : 
[-0.30006879 -0.30003687  0.89989407]
[2021-09-29 13:22:47,342: INFO: model] ##################################################
[2021-09-29 13:22:47,342: INFO: model] --------------------
[2021-09-29 13:22:47,343: INFO: model] for epoch: 1
[2021-09-29 13:22:47,343: INFO: model] --------------------
[2021-09-29 13:22:47,343: INFO: model] predicted value after forward pass: 
[0 0 0 0]
[2021-09-29 13:22:47,344: INFO: model] error: 
0    0
1    0
2    0
3    1
Name: y, dtype: int64
[2021-09-29 13:22:47,344: INFO: model] updated weights after epoch:
1/10 : 
[-6.87935150e-05 -3.68715881e-05  5.99894066e-01]
[2021-09-29 13:22:47,344: INFO: model] ##################################################
[2021-09-29 13:22:47,344: INFO: model] --------------------
[2021-09-29 13:22:47,344: INFO: model] for epoch: 2
[2021-09-29 13:22:47,345: INFO: model] --------------------
[2021-09-29 13:22:47,345: INFO: model] predicted value after forward pass: 
[0 0 0 0]
[2021-09-29 13:22:47,346: INFO: model] error: 
0    0
1    0
2    0
3    1
Name: y, dtype: int64
[2021-09-29 13:22:47,346: INFO: model] updated weights after epoch:
2/10 : 
[0.29993121 0.29996313 0.29989407]
[2021-09-29 13:22:47,346: INFO: model] ##################################################
[2021-09-29 13:22:47,346: INFO: model] --------------------
[2021-09-29 13:22:47,346: INFO: model] for epoch: 3
[2021-09-29 13:22:47,346: INFO: model] --------------------
[2021-09-29 13:22:47,347: INFO: model] predicted value after forward pass: 
[0 1 1 1]
[2021-09-29 13:22:47,347: INFO: model] error: 
0    0
1   -1
2   -1
3    0
Name: y, dtype: int64
[2021-09-29 13:22:47,348: INFO: model] updated weights after epoch:
3/10 : 
[-6.87935150e-05 -3.68715881e-05  8.99894066e-01]
[2021-09-29 13:22:47,348: INFO: model] ##################################################
[2021-09-29 13:22:47,348: INFO: model] --------------------
[2021-09-29 13:22:47,348: INFO: model] for epoch: 4
[2021-09-29 13:22:47,348: INFO: model] --------------------
[2021-09-29 13:22:47,349: INFO: model] predicted value after forward pass: 
[0 0 0 0]
[2021-09-29 13:22:47,349: INFO: model] error: 
0    0
1    0
2    0
3    1
Name: y, dtype: int64
[2021-09-29 13:22:47,350: INFO: model] updated weights after epoch:
4/10 : 
[0.29993121 0.29996313 0.59989407]
[2021-09-29 13:22:47,350: INFO: model] ##################################################
[2021-09-29 13:22:47,350: INFO: model] --------------------
[2021-09-29 13:22:47,350: INFO: model] for epoch: 5
[2021-09-29 13:22:47,350: INFO: model] --------------------
[2021-09-29 13:22:47,351: INFO: model] predicted value after forward pass: 
[0 0 0 1]
[2021-09-29 13:22:47,352: INFO: model] error: 
0    0
1    0
2    0
3    0
Name: y, dtype: int64
[2021-09-29 13:22:47,352: INFO: model] updated weights after epoch:
5/10 : 
[0.29993121 0.29996313 0.59989407]
[2021-09-29 13:22:47,353: INFO: model] ##################################################
[2021-09-29 13:22:47,353: INFO: model] --------------------
[2021-09-29 13:22:47,353: INFO: model] for epoch: 6
[2021-09-29 13:22:47,353: INFO: model] --------------------
[2021-09-29 13:22:47,353: INFO: model] predicted value after forward pass: 
[0 0 0 1]
[2021-09-29 13:22:47,354: INFO: model] error: 
0    0
1    0
2    0
3    0
Name: y, dtype: int64
[2021-09-29 13:22:47,355: INFO: model] updated weights after epoch:
6/10 : 
[0.29993121 0.29996313 0.59989407]
[2021-09-29 13:22:47,355: INFO: model] ##################################################
[2021-09-29 13:22:47,355: INFO: model] --------------------
[2021-09-29 13:22:47,355: INFO: model] for epoch: 7
[2021-09-29 13:22:47,355: INFO: model] --------------------
[2021-09-29 13:22:47,355: INFO: model] predicted value after forward pass: 
[0 0 0 1]
[2021-09-29 13:22:47,356: INFO: model] error: 
0    0
1    0
2    0
3    0
Name: y, dtype: int64
[2021-09-29 13:22:47,356: INFO: model] updated weights after epoch:
7/10 : 
[0.29993121 0.29996313 0.59989407]
[2021-09-29 13:22:47,357: INFO: model] ##################################################
[2021-09-29 13:22:47,357: INFO: model] --------------------
[2021-09-29 13:22:47,357: INFO: model] for epoch: 8
[2021-09-29 13:22:47,357: INFO: model] --------------------
[2021-09-29 13:22:47,357: INFO: model] predicted value after forward pass: 
[0 0 0 1]
[2021-09-29 13:22:47,358: INFO: model] error: 
0    0
1    0
2    0
3    0
Name: y, dtype: int64
[2021-09-29 13:22:47,358: INFO: model] updated weights after epoch:
8/10 : 
[0.29993121 0.29996313 0.59989407]
[2021-09-29 13:22:47,358: INFO: model] ##################################################
[2021-09-29 13:22:47,358: INFO: model] --------------------
[2021-09-29 13:22:47,358: INFO: model] for epoch: 9
[2021-09-29 13:22:47,358: INFO: model] --------------------
[2021-09-29 13:22:47,359: INFO: model] predicted value after forward pass: 
[0 0 0 1]
[2021-09-29 13:22:47,359: INFO: model] error: 
0    0
1    0
2    0
3    0
Name: y, dtype: int64
[2021-09-29 13:22:47,360: INFO: model] updated weights after epoch:
9/10 : 
[0.29993121 0.29996313 0.59989407]
[2021-09-29 13:22:47,360: INFO: model] ##################################################
[2021-09-29 13:22:47,360: INFO: model] total loss: 0

